<?xml version="1.0" encoding="UTF-8"?>
<!-- Generated by org.testng.reporters.JUnitXMLReporter -->
<testsuite ignored="0" hostname="Santhosh" failures="0" tests="4" name="Default test" time="8.474" errors="0" timestamp="2024-08-17T16:20:54 IST">
  <testcase classname="api.test.UserTests" name="testPostUser" time="3.536"/>
  <testcase classname="api.test.UserTests" name="getUser" time="1.202"/>
  <testcase classname="api.test.UserTests" name="updateUser" time="2.254"/>
  <testcase classname="api.test.UserTests" name="deleteUser" time="1.133"/>
</testsuite> <!-- Default test -->
