<?xml version="1.0" encoding="UTF-8"?>
<testng-results ignored="0" total="4" passed="4" failed="0" skipped="0">
  <reporter-output>
  </reporter-output>
  <suite started-at="2024-08-18T00:46:20 IST" name="Surefire suite" finished-at="2024-08-18T00:46:30 IST" duration-ms="9357">
    <groups>
    </groups>
    <test started-at="2024-08-18T00:46:20 IST" name="Surefire test" finished-at="2024-08-18T00:46:30 IST" duration-ms="9357">
      <class name="api.test.UserTests">
        <test-method is-config="true" signature="setUp()[pri:0, instance:api.test.UserTests@670002]" started-at="2024-08-18T00:46:20 IST" name="setUp" finished-at="2024-08-18T00:46:21 IST" duration-ms="1055" status="PASS">
          <reporter-output>
          </reporter-output>
        </test-method> <!-- setUp -->
        <test-method signature="testPostUser()[pri:1, instance:api.test.UserTests@670002]" started-at="2024-08-18T00:46:21 IST" name="testPostUser" finished-at="2024-08-18T00:46:25 IST" duration-ms="3708" status="PASS">
          <reporter-output>
          </reporter-output>
        </test-method> <!-- testPostUser -->
        <test-method signature="getUser()[pri:2, instance:api.test.UserTests@670002]" started-at="2024-08-18T00:46:25 IST" name="getUser" finished-at="2024-08-18T00:46:26 IST" duration-ms="1138" status="PASS">
          <reporter-output>
          </reporter-output>
        </test-method> <!-- getUser -->
        <test-method signature="updateUser()[pri:3, instance:api.test.UserTests@670002]" started-at="2024-08-18T00:46:26 IST" name="updateUser" finished-at="2024-08-18T00:46:29 IST" duration-ms="2281" status="PASS">
          <reporter-output>
          </reporter-output>
        </test-method> <!-- updateUser -->
        <test-method signature="deleteUser()[pri:4, instance:api.test.UserTests@670002]" started-at="2024-08-18T00:46:29 IST" name="deleteUser" finished-at="2024-08-18T00:46:30 IST" duration-ms="1107" status="PASS">
          <reporter-output>
          </reporter-output>
        </test-method> <!-- deleteUser -->
      </class> <!-- api.test.UserTests -->
    </test> <!-- Surefire test -->
  </suite> <!-- Surefire suite -->
</testng-results>
