<?xml version="1.0" encoding="UTF-8"?>
<testng-results ignored="0" total="4" passed="4" failed="0" skipped="0">
  <reporter-output>
  </reporter-output>
  <suite started-at="2024-08-18T00:33:17 IST" name="PetSuite" finished-at="2024-08-18T00:33:27 IST" duration-ms="9597">
    <groups>
    </groups>
    <test started-at="2024-08-18T00:33:17 IST" name="PetTest" finished-at="2024-08-18T00:33:27 IST" duration-ms="9597">
      <class name="api.test.UserTests">
        <test-method is-config="true" signature="setUp()[pri:0, instance:api.test.UserTests@8458f04]" started-at="2024-08-18T00:33:18 IST" name="setUp" finished-at="2024-08-18T00:33:19 IST" duration-ms="1011" status="PASS">
          <reporter-output>
          </reporter-output>
        </test-method> <!-- setUp -->
        <test-method signature="testPostUser()[pri:1, instance:api.test.UserTests@8458f04]" started-at="2024-08-18T00:33:19 IST" name="testPostUser" finished-at="2024-08-18T00:33:22 IST" duration-ms="3657" status="PASS">
          <reporter-output>
          </reporter-output>
        </test-method> <!-- testPostUser -->
        <test-method signature="getUser()[pri:2, instance:api.test.UserTests@8458f04]" started-at="2024-08-18T00:33:22 IST" name="getUser" finished-at="2024-08-18T00:33:23 IST" duration-ms="1165" status="PASS">
          <reporter-output>
          </reporter-output>
        </test-method> <!-- getUser -->
        <test-method signature="updateUser()[pri:3, instance:api.test.UserTests@8458f04]" started-at="2024-08-18T00:33:23 IST" name="updateUser" finished-at="2024-08-18T00:33:26 IST" duration-ms="2215" status="PASS">
          <reporter-output>
          </reporter-output>
        </test-method> <!-- updateUser -->
        <test-method signature="deleteUser()[pri:4, instance:api.test.UserTests@8458f04]" started-at="2024-08-18T00:33:26 IST" name="deleteUser" finished-at="2024-08-18T00:33:27 IST" duration-ms="1116" status="PASS">
          <reporter-output>
          </reporter-output>
        </test-method> <!-- deleteUser -->
      </class> <!-- api.test.UserTests -->
    </test> <!-- PetTest -->
  </suite> <!-- PetSuite -->
</testng-results>
