<?xml version="1.0" encoding="UTF-8"?>
<!-- Generated by org.testng.reporters.JUnitXMLReporter -->
<testsuite ignored="0" hostname="Santhosh" failures="0" tests="4" name="PetTest" time="9.597" errors="0" timestamp="2024-08-18T00:33:27 IST">
  <testcase classname="api.test.UserTests" name="testPostUser" time="3.657"/>
  <testcase classname="api.test.UserTests" name="getUser" time="1.165"/>
  <testcase classname="api.test.UserTests" name="updateUser" time="2.215"/>
  <testcase classname="api.test.UserTests" name="deleteUser" time="1.116"/>
</testsuite> <!-- PetTest -->
